# JRE version: OpenJDK Runtime Environment Temurin-17.0.9+9 (17.0.9+9) (build 17.0.9+9)
# Java VM: OpenJDK 64-Bit Server VM Temurin-17.0.9+9 (17.0.9+9, mixed mode, tiered, compressed oops, compressed class ptrs, g1 gc, windows-amd64)
GC Precious Log:
 CPUs: 4 total, 4 available
 Memory: 8098M
 Large Page Support: Disabled
 NUMA Support: Disabled
 Compressed Oops: Enabled (32-bit)
 Heap Region Size: 1M
 Heap Min Capacity: 8M
 Heap Initial Capacity: 128M
 Heap Max Capacity: 2026M
 Pre-touch: Disabled
 Parallel Workers: 4
 Concurrent Workers: 1
 Concurrent Refinement Workers: 4
 Periodic GC: Disabled
Heap:
 garbage-first heap   total 63488K, used 37492K [0x0000000081600000, 0x0000000100000000)
  region size 1024K, 11 young (11264K), 2 survivors (2048K)
 Metaspace       used 37246K, committed 37504K, reserved 1114112K
  class space    used 4050K, committed 4160K, reserved 1048576K
GC Heap History (20 events):
Event: 288.071 GC heap before
{Heap before GC invocations=37 (full 0):
 garbage-first heap   total 54272K, used 42878K [0x0000000081600000, 0x0000000100000000)
  region size 1024K, 18 young (18432K), 2 survivors (2048K)
 Metaspace       used 36974K, committed 37248K, reserved 1114112K
  class space    used 4028K, committed 4160K, reserved 1048576K
}
Event: 288.073 GC heap after
{Heap after GC invocations=38 (full 0):
 garbage-first heap   total 54272K, used 26602K [0x0000000081600000, 0x0000000100000000)
  region size 1024K, 2 young (2048K), 2 survivors (2048K)
 Metaspace       used 36974K, committed 37248K, reserved 1114112K
  class space    used 4028K, committed 4160K, reserved 1048576K
}
Event: 288.075 GC heap before
{Heap before GC invocations=38 (full 0):
 garbage-first heap   total 54272K, used 27626K [0x0000000081600000, 0x0000000100000000)
  region size 1024K, 3 young (3072K), 2 survivors (2048K)
 Metaspace       used 36974K, committed 37248K, reserved 1114112K
  class space    used 4028K, committed 4160K, reserved 1048576K
}
Event: 288.078 GC heap after
{Heap after GC invocations=39 (full 0):
 garbage-first heap   total 54272K, used 26021K [0x0000000081600000, 0x0000000100000000)
  region size 1024K, 1 young (1024K), 1 survivors (1024K)
 Metaspace       used 36974K, committed 37248K, reserved 1114112K
  class space    used 4028K, committed 4160K, reserved 1048576K
}
Event: 298.602 GC heap before
{Heap before GC invocations=39 (full 0):
 garbage-first heap   total 54272K, used 41381K [0x0000000081600000, 0x0000000100000000)
  region size 1024K, 17 young (17408K), 1 survivors (1024K)
 Metaspace       used 36980K, committed 37248K, reserved 1114112K
  class space    used 4028K, committed 4160K, reserved 1048576K
}
Event: 298.604 GC heap after
{Heap after GC invocations=40 (full 0):
 garbage-first heap   total 54272K, used 27234K [0x0000000081600000, 0x0000000100000000)
  region size 1024K, 2 young (2048K), 2 survivors (2048K)
 Metaspace       used 36980K, committed 37248K, reserved 1114112K
  class space    used 4028K, committed 4160K, reserved 1048576K
}
Event: 311.533 GC heap before
{Heap before GC invocations=41 (full 0):
 garbage-first heap   total 54272K, used 41570K [0x0000000081600000, 0x0000000100000000)
  region size 1024K, 17 young (17408K), 2 survivors (2048K)
 Metaspace       used 37028K, committed 37376K, reserved 1114112K
  class space    used 4029K, committed 4160K, reserved 1048576K
}
Event: 311.535 GC heap after
{Heap after GC invocations=42 (full 0):
 garbage-first heap   total 54272K, used 27206K [0x0000000081600000, 0x0000000100000000)
  region size 1024K, 2 young (2048K), 2 survivors (2048K)
 Metaspace       used 37028K, committed 37376K, reserved 1114112K
  class space    used 4029K, committed 4160K, reserved 1048576K
}
Event: 311.536 GC heap before
{Heap before GC invocations=42 (full 0):
 garbage-first heap   total 54272K, used 28230K [0x0000000081600000, 0x0000000100000000)
  region size 1024K, 3 young (3072K), 2 survivors (2048K)
 Metaspace       used 37028K, committed 37376K, reserved 1114112K
  class space    used 4029K, committed 4160K, reserved 1048576K
}
Event: 312.056 GC heap after
{Heap after GC invocations=43 (full 0):
 garbage-first heap   total 54272K, used 25835K [0x0000000081600000, 0x0000000100000000)
  region size 1024K, 1 young (1024K), 1 survivors (1024K)
 Metaspace       used 37028K, committed 37376K, reserved 1114112K
  class space    used 4029K, committed 4160K, reserved 1048576K
}
Event: 324.777 GC heap before
{Heap before GC invocations=43 (full 0):
 garbage-first heap   total 54272K, used 38123K [0x0000000081600000, 0x0000000100000000)
  region size 1024K, 14 young (14336K), 1 survivors (1024K)
 Metaspace       used 37049K, committed 37376K, reserved 1114112K
  class space    used 4029K, committed 4160K, reserved 1048576K
}
Event: 324.779 GC heap after
{Heap after GC invocations=44 (full 0):
 garbage-first heap   total 54272K, used 26715K [0x0000000081600000, 0x0000000100000000)
  region size 1024K, 2 young (2048K), 2 survivors (2048K)
 Metaspace       used 37049K, committed 37376K, reserved 1114112K
  class space    used 4029K, committed 4160K, reserved 1048576K
}
Event: 324.799 GC heap before
{Heap before GC invocations=44 (full 0):
 garbage-first heap   total 54272K, used 34907K [0x0000000081600000, 0x0000000100000000)
  region size 1024K, 10 young (10240K), 2 survivors (2048K)
 Metaspace       used 37049K, committed 37376K, reserved 1114112K
  class space    used 4029K, committed 4160K, reserved 1048576K
}
Event: 324.802 GC heap after
{Heap after GC invocations=45 (full 0):
 garbage-first heap   total 54272K, used 27605K [0x0000000081600000, 0x0000000100000000)
  region size 1024K, 1 young (1024K), 1 survivors (1024K)
 Metaspace       used 37049K, committed 37376K, reserved 1114112K
  class space    used 4029K, committed 4160K, reserved 1048576K
}
Event: 360.220 GC heap before
{Heap before GC invocations=46 (full 0):
 garbage-first heap   total 54272K, used 42965K [0x0000000081600000, 0x0000000100000000)
  region size 1024K, 16 young (16384K), 1 survivors (1024K)
 Metaspace       used 37062K, committed 37376K, reserved 1114112K
  class space    used 4029K, committed 4160K, reserved 1048576K
}
Event: 360.223 GC heap after
{Heap after GC invocations=47 (full 0):
 garbage-first heap   total 54272K, used 28905K [0x0000000081600000, 0x0000000100000000)
  region size 1024K, 2 young (2048K), 2 survivors (2048K)
 Metaspace       used 37062K, committed 37376K, reserved 1114112K
  class space    used 4029K, committed 4160K, reserved 1048576K
}
Event: 360.225 GC heap before
{Heap before GC invocations=47 (full 0):
 garbage-first heap   total 54272K, used 29929K [0x0000000081600000, 0x0000000100000000)
  region size 1024K, 3 young (3072K), 2 survivors (2048K)
 Metaspace       used 37062K, committed 37376K, reserved 1114112K
  class space    used 4029K, committed 4160K, reserved 1048576K
}
Event: 360.232 GC heap after
{Heap after GC invocations=48 (full 0):
 garbage-first heap   total 54272K, used 28407K [0x0000000081600000, 0x0000000100000000)
  region size 1024K, 1 young (1024K), 1 survivors (1024K)
 Metaspace       used 37062K, committed 37376K, reserved 1114112K
  class space    used 4029K, committed 4160K, reserved 1048576K
}
Event: 434.240 GC heap before
{Heap before GC invocations=48 (full 0):
 garbage-first heap   total 54272K, used 42743K [0x0000000081600000, 0x0000000100000000)
  region size 1024K, 15 young (15360K), 1 survivors (1024K)
 Metaspace       used 37227K, committed 37504K, reserved 1114112K
  class space    used 4050K, committed 4160K, reserved 1048576K
}
Event: 434.242 GC heap after
{Heap after GC invocations=49 (full 0):
 garbage-first heap   total 54272K, used 29300K [0x0000000081600000, 0x0000000100000000)
  region size 1024K, 2 young (2048K), 2 survivors (2048K)
 Metaspace       used 37227K, committed 37504K, reserved 1114112K
  class space    used 4050K, committed 4160K, reserved 1048576K
}

