# JRE version: OpenJDK Runtime Environment Temurin-17.0.9+9 (17.0.9+9) (build 17.0.9+9)
# Java VM: OpenJDK 64-Bit Server VM Temurin-17.0.9+9 (17.0.9+9, mixed mode, tiered, compressed oops, compressed class ptrs, g1 gc, windows-amd64)
GC Precious Log:
 CPUs: 4 total, 4 available
 Memory: 8098M
 Large Page Support: Disabled
 NUMA Support: Disabled
 Compressed Oops: Enabled (32-bit)
 Heap Region Size: 1M
 Heap Min Capacity: 8M
 Heap Initial Capacity: 128M
 Heap Max Capacity: 2026M
 Pre-touch: Disabled
 Parallel Workers: 4
 Concurrent Workers: 1
 Concurrent Refinement Workers: 4
 Periodic GC: Disabled
Heap:
 garbage-first heap   total 75776K, used 33089K [0x0000000081600000, 0x0000000100000000)
  region size 1024K, 2 young (2048K), 2 survivors (2048K)
 Metaspace       used 38806K, committed 39168K, reserved 1114112K
  class space    used 4085K, committed 4288K, reserved 1048576K
GC Heap History (20 events):
Event: 5431.175 GC heap after
{Heap after GC invocations=179 (full 0):
 garbage-first heap   total 75776K, used 33128K [0x0000000081600000, 0x0000000100000000)
  region size 1024K, 3 young (3072K), 3 survivors (3072K)
 Metaspace       used 38688K, committed 39040K, reserved 1114112K
  class space    used 4084K, committed 4288K, reserved 1048576K
}
Event: 5431.333 GC heap before
{Heap before GC invocations=179 (full 0):
 garbage-first heap   total 75776K, used 63848K [0x0000000081600000, 0x0000000100000000)
  region size 1024K, 33 young (33792K), 3 survivors (3072K)
 Metaspace       used 38695K, committed 39040K, reserved 1114112K
  class space    used 4084K, committed 4288K, reserved 1048576K
}
Event: 5431.336 GC heap after
{Heap after GC invocations=180 (full 0):
 garbage-first heap   total 75776K, used 33057K [0x0000000081600000, 0x0000000100000000)
  region size 1024K, 3 young (3072K), 3 survivors (3072K)
 Metaspace       used 38695K, committed 39040K, reserved 1114112K
  class space    used 4084K, committed 4288K, reserved 1048576K
}
Event: 5438.738 GC heap before
{Heap before GC invocations=180 (full 0):
 garbage-first heap   total 75776K, used 63777K [0x0000000081600000, 0x0000000100000000)
  region size 1024K, 33 young (33792K), 3 survivors (3072K)
 Metaspace       used 38704K, committed 39040K, reserved 1114112K
  class space    used 4084K, committed 4288K, reserved 1048576K
}
Event: 5438.740 GC heap after
{Heap after GC invocations=181 (full 0):
 garbage-first heap   total 75776K, used 33441K [0x0000000081600000, 0x0000000100000000)
  region size 1024K, 3 young (3072K), 3 survivors (3072K)
 Metaspace       used 38704K, committed 39040K, reserved 1114112K
  class space    used 4084K, committed 4288K, reserved 1048576K
}
Event: 5439.107 GC heap before
{Heap before GC invocations=181 (full 0):
 garbage-first heap   total 75776K, used 63137K [0x0000000081600000, 0x0000000100000000)
  region size 1024K, 32 young (32768K), 3 survivors (3072K)
 Metaspace       used 38731K, committed 39104K, reserved 1114112K
  class space    used 4084K, committed 4288K, reserved 1048576K
}
Event: 5439.110 GC heap after
{Heap after GC invocations=182 (full 0):
 garbage-first heap   total 75776K, used 33440K [0x0000000081600000, 0x0000000100000000)
  region size 1024K, 3 young (3072K), 3 survivors (3072K)
 Metaspace       used 38731K, committed 39104K, reserved 1114112K
  class space    used 4084K, committed 4288K, reserved 1048576K
}
Event: 5499.657 GC heap before
{Heap before GC invocations=182 (full 0):
 garbage-first heap   total 75776K, used 62112K [0x0000000081600000, 0x0000000100000000)
  region size 1024K, 31 young (31744K), 3 survivors (3072K)
 Metaspace       used 38795K, committed 39168K, reserved 1114112K
  class space    used 4085K, committed 4288K, reserved 1048576K
}
Event: 5499.659 GC heap after
{Heap after GC invocations=183 (full 0):
 garbage-first heap   total 75776K, used 33152K [0x0000000081600000, 0x0000000100000000)
  region size 1024K, 2 young (2048K), 2 survivors (2048K)
 Metaspace       used 38795K, committed 39168K, reserved 1114112K
  class space    used 4085K, committed 4288K, reserved 1048576K
}
Event: 5563.882 GC heap before
{Heap before GC invocations=183 (full 0):
 garbage-first heap   total 75776K, used 61824K [0x0000000081600000, 0x0000000100000000)
  region size 1024K, 31 young (31744K), 2 survivors (2048K)
 Metaspace       used 38796K, committed 39168K, reserved 1114112K
  class space    used 4085K, committed 4288K, reserved 1048576K
}
Event: 5563.884 GC heap after
{Heap after GC invocations=184 (full 0):
 garbage-first heap   total 75776K, used 33033K [0x0000000081600000, 0x0000000100000000)
  region size 1024K, 2 young (2048K), 2 survivors (2048K)
 Metaspace       used 38796K, committed 39168K, reserved 1114112K
  class space    used 4085K, committed 4288K, reserved 1048576K
}
Event: 5760.652 GC heap before
{Heap before GC invocations=184 (full 0):
 garbage-first heap   total 75776K, used 62729K [0x0000000081600000, 0x0000000100000000)
  region size 1024K, 32 young (32768K), 2 survivors (2048K)
 Metaspace       used 38799K, committed 39168K, reserved 1114112K
  class space    used 4085K, committed 4288K, reserved 1048576K
}
Event: 5760.654 GC heap after
{Heap after GC invocations=185 (full 0):
 garbage-first heap   total 75776K, used 32599K [0x0000000081600000, 0x0000000100000000)
  region size 1024K, 2 young (2048K), 2 survivors (2048K)
 Metaspace       used 38799K, committed 39168K, reserved 1114112K
  class space    used 4085K, committed 4288K, reserved 1048576K
}
Event: 5786.697 GC heap before
{Heap before GC invocations=185 (full 0):
 garbage-first heap   total 75776K, used 63319K [0x0000000081600000, 0x0000000100000000)
  region size 1024K, 32 young (32768K), 2 survivors (2048K)
 Metaspace       used 38806K, committed 39168K, reserved 1114112K
  class space    used 4085K, committed 4288K, reserved 1048576K
}
Event: 5786.699 GC heap after
{Heap after GC invocations=186 (full 0):
 garbage-first heap   total 75776K, used 32451K [0x0000000081600000, 0x0000000100000000)
  region size 1024K, 2 young (2048K), 2 survivors (2048K)
 Metaspace       used 38806K, committed 39168K, reserved 1114112K
  class space    used 4085K, committed 4288K, reserved 1048576K
}
Event: 5786.873 GC heap before
{Heap before GC invocations=186 (full 0):
 garbage-first heap   total 75776K, used 63171K [0x0000000081600000, 0x0000000100000000)
  region size 1024K, 32 young (32768K), 2 survivors (2048K)
 Metaspace       used 38806K, committed 39168K, reserved 1114112K
  class space    used 4085K, committed 4288K, reserved 1048576K
}
Event: 5786.874 GC heap after
{Heap after GC invocations=187 (full 0):
 garbage-first heap   total 75776K, used 32547K [0x0000000081600000, 0x0000000100000000)
  region size 1024K, 2 young (2048K), 2 survivors (2048K)
 Metaspace       used 38806K, committed 39168K, reserved 1114112K
  class space    used 4085K, committed 4288K, reserved 1048576K
}
Event: 5787.037 GC heap before
{Heap before GC invocations=187 (full 0):
 garbage-first heap   total 75776K, used 64291K [0x0000000081600000, 0x0000000100000000)
  region size 1024K, 33 young (33792K), 2 survivors (2048K)
 Metaspace       used 38806K, committed 39168K, reserved 1114112K
  class space    used 4085K, committed 4288K, reserved 1048576K
}
Event: 5787.039 GC heap after
{Heap after GC invocations=188 (full 0):
 garbage-first heap   total 75776K, used 32797K [0x0000000081600000, 0x0000000100000000)
  region size 1024K, 2 young (2048K), 2 survivors (2048K)
 Metaspace       used 38806K, committed 39168K, reserved 1114112K
  class space    used 4085K, committed 4288K, reserved 1048576K
}
Event: 5787.168 GC heap before
{Heap before GC invocations=188 (full 0):
 garbage-first heap   total 75776K, used 64541K [0x0000000081600000, 0x0000000100000000)
  region size 1024K, 33 young (33792K), 2 survivors (2048K)
 Metaspace       used 38806K, committed 39168K, reserved 1114112K
  class space    used 4085K, committed 4288K, reserved 1048576K
}

